<?xml version="1.0" encoding="UTF-8"?>
<testsuite xmlns:xsi="http://www.w3.org/2001/XMLSchema-instance" xsi:noNamespaceSchemaLocation="https://maven.apache.org/surefire/maven-surefire-plugin/xsd/surefire-test-report.xsd" name="Setting_DeskriptorTest" time="0.001" tests="4" errors="0" skipped="0" failures="0">
  <properties>
[...]
</properties>
  <testcase name="test_4_paramter_constructor" classname="Setting_DeskriptorTest" time="0"/>
  <testcase name="test_3_paramter_constructor" classname="Setting_DeskriptorTest" time="0"/>
  <testcase name="test_5_paramter_constructor" classname="Setting_DeskriptorTest" time="0"/>
  <testcase name="test_is_mandatory" classname="Setting_DeskriptorTest" time="0"/>
</testsuite>